2020-03-25 19:35:33 -- test message
2020-03-25 19:40:15 -- test message
2020-03-26 19:48:27 -- LuaMachine::run_function(): given symbol 'f' is not a function
2020-03-26 19:48:30 -- LuaMachine::run_function(): given symbol 'f' is not a function
2020-03-26 19:48:31 -- LuaMachine::run_function(): given symbol 'f' is not a function
2020-03-26 19:48:31 -- LuaMachine::run_function(): given symbol 'f' is not a function
2020-03-26 19:48:32 -- LuaMachine::run_function(): given symbol 'f' is not a function
2020-03-26 19:49:14 -- LuaMachine::run_function(): given symbol 'f' is not a function
2020-03-26 20:12:53 -- LuaMachine::run_file(): luaL_dofile() did not return LUA_OK
2020-03-26 20:12:53 -- LuaMachine::run_function(): given symbol 'f' is not a function
2020-03-26 20:12:53 -- LuaMachine::get_variable(): given symbol 'x_min' is not a number
2020-03-26 20:12:53 -- LuaMachine::get_variable(): given symbol 'x_max' is not a number
2020-03-26 20:13:04 -- LuaMachine::run_file(): luaL_dofile() did not return LUA_OK
2020-03-26 20:13:04 -- LuaMachine::run_function(): given symbol 'f' is not a function
2020-03-26 20:13:04 -- LuaMachine::get_variable(): given symbol 'x_min' is not a number
2020-03-26 20:13:04 -- LuaMachine::get_variable(): given symbol 'x_max' is not a number
2020-03-26 20:13:24 -- LuaMachine::run_file(): luaL_dofile() did not return LUA_OK
2020-03-26 20:13:24 -- LuaMachine::run_function(): given symbol 'f' is not a function
2020-03-26 20:13:24 -- LuaMachine::get_variable(): given symbol 'x_min' is not a number
2020-03-26 20:13:24 -- LuaMachine::get_variable(): given symbol 'x_max' is not a number
2020-03-26 22:34:28 -- test message
2020-03-26 22:40:53 -- Sprite::Sprite(): failed to load image at png/hw.png. SDL says: 'Couldn't open png/hw.png'
2020-03-26 22:47:44 -- Text::Text(): failed to load font 'ttf/DejaVuSans.ttf'. SDL says: 'Library not initialized'
2020-03-26 22:47:44 -- Text::set_text(): failed to create surface. SDL says: 'Library not initialized'
2020-03-26 22:47:44 -- Text::set_text(): failed to create texture. SDL says: 'SDL_CreateTextureFromSurface() passed NULL surface'
2020-03-26 22:51:05 -- ==== Program started ====
2020-03-26 22:51:07 -- ==== Program closed ====
2020-03-26 22:55:58 -- ==== Program started ====
2020-03-26 22:56:00 -- ==== Program closed ====
2020-03-26 23:07:06 -- ==== Program started ====
2020-03-26 23:07:08 -- ==== Program closed ====
2020-03-26 23:07:27 -- ==== Program started ====
2020-03-26 23:07:29 -- LuaMachine::run_file(): failed while running script 'scripts/script.lua'. Lua says: 'scripts/script.lua:10: syntax error near ';''
2020-03-26 23:07:29 -- LuaMachine::run_function(): given symbol 'f' is not a function
2020-03-26 23:07:29 -- LuaMachine::get_variable(): given symbol 'x_min' is not a number
2020-03-26 23:07:29 -- LuaMachine::get_variable(): given symbol 'x_max' is not a number
2020-03-26 23:07:29 -- LuaMachine::get_variable(): given symbol 'N' is not a number
2020-03-26 23:07:29 -- ==== Program closed ====
2020-03-26 23:08:57 -- ==== Program started ====
2020-03-26 23:08:59 -- LuaMachine::run_file(): failed while running script 'scripts/script.lua'. Lua says: 'scripts/script.lua:10: syntax error near ';''
2020-03-26 23:08:59 -- LuaMachine::run_function(): given symbol 'f' is not a function
2020-03-26 23:08:59 -- LuaMachine::get_variable(): given symbol 'x_min' is not a number
2020-03-26 23:08:59 -- LuaMachine::get_variable(): given symbol 'x_max' is not a number
2020-03-26 23:08:59 -- LuaMachine::get_variable(): given symbol 'N' is not a number
2020-03-26 23:08:59 -- ==== Program closed ====
2020-03-26 23:09:20 -- ==== Program started ====
2020-03-26 23:09:22 -- ==== Program closed ====
2020-03-26 23:09:44 -- ==== Program started ====
2020-03-26 23:09:46 -- ==== Program closed ====
2020-03-26 23:10:19 -- ==== Program started ====
2020-03-26 23:10:21 -- ==== Program closed ====
2020-03-26 23:12:46 -- ==== Program started ====
2020-03-26 23:13:56 -- ==== Program started ====
2020-03-26 23:13:59 -- ==== Program closed ====
2020-03-26 23:14:01 -- ==== Program started ====
2020-03-26 23:14:24 -- ==== Program closed ====
2020-03-26 23:16:01 -- ==== Program started ====
2020-03-26 23:16:05 -- ==== Program closed ====
2020-03-26 23:16:29 -- ==== Program started ====
2020-03-26 23:16:38 -- ==== Program closed ====
2020-03-26 23:17:06 -- ==== Program started ====
2020-03-26 23:17:21 -- ==== Program closed ====
2020-03-26 23:17:38 -- ==== Program started ====
2020-03-26 23:17:46 -- ==== Program closed ====
2020-03-26 23:18:16 -- ==== Program started ====
2020-03-26 23:23:20 -- ==== Program started ====
2020-03-26 23:23:26 -- ==== Program closed ====
2020-03-26 23:25:30 -- ==== Program started ====
2020-03-26 23:25:34 -- ==== Program closed ====
2020-03-26 23:25:53 -- ==== Program started ====
2020-03-26 23:26:10 -- ==== Program closed ====
2020-03-26 23:27:02 -- ==== Program started ====
2020-03-26 23:27:40 -- ==== Program closed ====
2020-03-26 23:30:15 -- ==== Program started ====
2020-03-26 23:41:54 -- ==== Program closed ====
2020-03-26 23:43:32 -- ==== Program started ====
2020-03-26 23:43:42 -- ==== Program closed ====
2020-03-26 23:43:59 -- ==== Program started ====
2020-03-26 23:44:16 -- ==== Program closed ====
2020-03-26 23:46:20 -- ==== Program started ====
2020-03-26 23:47:09 -- ==== Program closed ====
2020-03-27 09:19:59 -- ==== Program started ====
2020-03-27 09:20:02 -- ==== Program closed ====
2020-03-27 09:28:34 -- ==== Program started ====
2020-03-27 09:28:36 -- ==== Program closed ====
2020-03-27 09:29:06 -- ==== Program started ====
2020-03-27 09:29:08 -- ==== Program closed ====
2020-03-27 09:55:22 -- ==== Program started ====
2020-03-27 09:56:06 -- ==== Program closed ====
2020-03-27 09:59:01 -- ==== Program started ====
2020-03-27 09:59:03 -- ==== Program closed ====
2020-03-27 10:02:03 -- ==== Program started ====
2020-03-27 10:02:05 -- ==== Program closed ====
2020-03-27 10:02:20 -- ==== Program started ====
2020-03-27 10:02:21 -- ==== Program closed ====
2020-03-27 10:03:51 -- ==== Program started ====
2020-03-27 10:09:43 -- ==== Program closed ====
2020-03-27 10:19:17 -- ==== Program started ====
2020-03-27 10:19:20 -- ==== Program closed ====
2020-03-27 10:19:47 -- ==== Program started ====
2020-03-27 10:19:49 -- ==== Program closed ====
2020-03-27 10:21:44 -- ==== Program started ====
2020-03-27 10:21:45 -- ==== Program closed ====
2020-03-27 10:22:33 -- ==== Program started ====
2020-03-27 10:22:37 -- ==== Program closed ====
2020-03-27 10:29:55 -- ==== Program started ====
2020-03-27 10:30:05 -- ==== Program closed ====
2020-03-27 11:01:53 -- ==== Program started ====
2020-03-27 11:02:00 -- ==== Program closed ====
2020-03-27 11:13:16 -- ==== Program started ====
2020-03-27 11:13:20 -- ==== Program closed ====
2020-03-27 20:24:40 -- ==== Program started ====
2020-03-27 20:24:46 -- ==== Program closed ====
2020-03-28 12:14:16 -- ==== Program started ====
2020-03-28 12:14:18 -- ==== Program closed ====
2020-03-28 15:47:57 -- ==== Program started ====
2020-03-28 15:48:04 -- ==== Program closed ====
2020-03-28 15:48:19 -- ==== Program started ====
2020-03-28 15:48:23 -- ==== Program closed ====
2020-03-28 15:48:37 -- ==== Program started ====
2020-03-28 15:48:39 -- ==== Program closed ====
2020-03-28 15:57:51 -- ==== Program started ====
2020-03-28 15:59:02 -- ==== Program started ====
2020-03-28 15:59:06 -- ==== Program closed ====
2020-03-28 16:01:59 -- ==== Program started ====
2020-03-28 16:02:03 -- ==== Program closed ====
2020-03-28 16:03:52 -- ==== Program started ====
2020-03-28 16:03:59 -- ==== Program closed ====
2020-03-28 16:04:55 -- ==== Program started ====
2020-03-28 16:05:00 -- ==== Program closed ====
2020-03-28 16:05:14 -- ==== Program started ====
2020-03-28 16:05:21 -- ==== Program closed ====
2020-03-28 16:05:52 -- ==== Program started ====
2020-03-28 16:05:53 -- ==== Program closed ====
2020-03-28 16:06:49 -- ==== Program started ====
2020-03-28 16:06:53 -- ==== Program closed ====
2020-03-28 16:07:22 -- ==== Program started ====
2020-03-28 16:07:24 -- ==== Program closed ====
2020-03-28 16:07:49 -- ==== Program started ====
2020-03-28 16:07:51 -- ==== Program closed ====
2020-03-28 16:08:20 -- ==== Program started ====
2020-03-28 16:08:26 -- ==== Program closed ====
2020-03-28 16:09:25 -- ==== Program started ====
2020-03-28 16:09:28 -- ==== Program closed ====
2020-03-28 16:09:46 -- ==== Program started ====
2020-03-28 16:09:57 -- ==== Program closed ====
2020-03-28 16:10:52 -- ==== Program started ====
2020-03-28 16:10:55 -- ==== Program closed ====
2020-03-28 16:12:19 -- ==== Program started ====
2020-03-28 16:12:22 -- ==== Program closed ====
2020-03-28 16:12:39 -- ==== Program started ====
2020-03-28 16:12:43 -- ==== Program closed ====
2020-03-28 16:13:07 -- ==== Program started ====
2020-03-28 16:13:16 -- ==== Program closed ====
2020-03-28 16:15:51 -- ==== Program started ====
2020-03-28 16:16:11 -- ==== Program closed ====
2020-03-28 16:16:31 -- ==== Program started ====
2020-03-28 16:16:38 -- ==== Program closed ====
2020-03-28 16:16:50 -- ==== Program started ====
2020-03-28 16:18:18 -- ==== Program closed ====
2020-03-28 16:18:44 -- ==== Program started ====
2020-03-28 16:18:47 -- ==== Program closed ====
2020-03-28 16:19:01 -- ==== Program started ====
2020-03-28 16:19:38 -- ==== Program closed ====
2020-03-28 16:20:15 -- ==== Program started ====
2020-03-28 16:20:39 -- ==== Program closed ====
2020-03-28 16:21:07 -- ==== Program started ====
2020-03-28 16:21:53 -- ==== Program closed ====
2020-03-28 16:22:21 -- ==== Program started ====
2020-03-28 16:22:28 -- ==== Program closed ====
2020-03-28 16:22:44 -- ==== Program started ====
2020-03-28 16:25:33 -- ==== Program closed ====
2020-03-28 16:27:13 -- ==== Program started ====
2020-03-28 16:27:14 -- ==== Program closed ====
2020-03-28 16:28:23 -- ==== Program started ====
2020-03-28 16:28:28 -- ==== Program closed ====
2020-03-28 16:33:19 -- ==== Program started ====
2020-03-28 16:33:21 -- ==== Program closed ====
2020-03-28 16:33:43 -- ==== Program started ====
2020-03-28 16:33:45 -- ==== Program closed ====
2020-03-28 16:42:59 -- ==== Program started ====
2020-03-28 16:43:00 -- ==== Program closed ====
2020-03-28 16:44:20 -- ==== Program started ====
2020-03-28 16:44:21 -- ==== Program closed ====
2020-03-28 16:45:00 -- ==== Program started ====
2020-03-28 16:45:02 -- ==== Program closed ====
2020-03-28 16:49:57 -- ==== Program started ====
2020-03-28 16:50:02 -- ==== Program closed ====
2020-03-28 16:50:51 -- ==== Program started ====
2020-03-28 16:50:57 -- ==== Program closed ====
2020-03-28 16:51:12 -- ==== Program started ====
2020-03-28 16:51:18 -- ==== Program closed ====
2020-03-28 16:51:45 -- ==== Program started ====
2020-03-28 16:51:49 -- ==== Program closed ====
2020-03-28 16:53:04 -- ==== Program started ====
2020-03-28 16:53:06 -- ==== Program closed ====
2020-03-28 16:53:20 -- ==== Program started ====
2020-03-28 16:53:22 -- ==== Program closed ====
2020-03-28 16:53:34 -- ==== Program started ====
2020-03-28 16:53:37 -- ==== Program closed ====
2020-03-28 16:54:08 -- ==== Program started ====
2020-03-28 16:54:11 -- ==== Program closed ====
2020-03-28 16:54:23 -- ==== Program started ====
2020-03-28 16:54:44 -- ==== Program closed ====
2020-03-28 16:55:02 -- ==== Program started ====
2020-03-28 16:55:12 -- ==== Program closed ====
2020-03-28 16:55:31 -- ==== Program started ====
2020-03-28 16:55:33 -- ==== Program closed ====
2020-03-28 16:56:13 -- ==== Program started ====
2020-03-28 16:56:15 -- ==== Program closed ====
2020-03-28 16:56:26 -- ==== Program started ====
2020-03-28 16:56:28 -- ==== Program closed ====
2020-03-28 16:57:14 -- ==== Program started ====
2020-03-28 16:57:27 -- ==== Program closed ====
2020-03-28 16:59:50 -- ==== Program started ====
2020-03-28 16:59:51 -- ==== Program closed ====
2020-03-28 16:59:52 -- ==== Program started ====
2020-03-28 16:59:52 -- ==== Program closed ====
2020-03-28 16:59:53 -- ==== Program started ====
2020-03-28 16:59:54 -- ==== Program closed ====
2020-03-28 20:50:32 -- ==== Program started ====
2020-03-28 20:50:33 -- ==== Program closed ====
2020-03-28 20:50:34 -- ==== Program started ====
2020-03-28 20:50:35 -- ==== Program closed ====
2020-03-28 20:50:35 -- ==== Program started ====
2020-03-28 20:50:36 -- ==== Program closed ====
2020-03-28 20:51:37 -- ==== Program started ====
2020-03-28 20:51:38 -- ==== Program closed ====
2020-03-28 20:51:45 -- ==== Program started ====
2020-03-28 20:51:47 -- ==== Program closed ====
2020-03-28 20:52:52 -- ==== Program started ====
2020-03-28 20:52:53 -- ==== Program closed ====
2020-03-28 22:57:16 -- ==== Program started ====
2020-03-28 22:57:20 -- ==== Program closed ====
2020-03-28 22:58:00 -- ==== Program started ====
2020-03-28 22:58:01 -- ==== Program closed ====
2020-03-28 22:58:32 -- ==== Program started ====
2020-03-28 22:58:46 -- ==== Program closed ====
2020-03-28 22:59:08 -- ==== Program started ====
2020-03-28 22:59:14 -- ==== Program closed ====
2020-03-28 23:00:42 -- ==== Program started ====
2020-03-28 23:01:09 -- ==== Program closed ====
2020-03-28 23:01:25 -- ==== Program started ====
2020-03-28 23:01:30 -- ==== Program closed ====
2020-03-28 23:01:41 -- ==== Program started ====
2020-03-28 23:01:48 -- ==== Program closed ====
2020-03-28 23:02:12 -- ==== Program started ====
2020-03-28 23:02:15 -- ==== Program closed ====
2020-03-28 23:07:55 -- ==== Program started ====
2020-03-28 23:07:57 -- ==== Program closed ====
2020-03-28 23:09:54 -- ==== Program started ====
2020-03-28 23:09:57 -- ==== Program closed ====
2020-03-28 23:10:11 -- ==== Program started ====
2020-03-28 23:10:13 -- ==== Program closed ====
2020-03-28 23:13:01 -- ==== Program started ====
2020-03-28 23:13:01 -- Plot::Plot(): failed to create texture
2020-03-28 23:13:02 -- ==== Program closed ====
2020-03-28 23:26:18 -- ==== Program started ====
2020-03-28 23:26:18 -- Plot::Plot(): failed to create texture
2020-03-28 23:26:19 -- ==== Program closed ====
2020-03-28 23:26:42 -- ==== Program started ====
2020-03-28 23:26:42 -- Plot::Plot(): failed to create texture
2020-03-28 23:26:44 -- ==== Program closed ====
2020-03-28 23:30:12 -- ==== Program started ====
2020-03-28 23:30:12 -- Plot::Plot(): failed to create texture
2020-03-28 23:30:13 -- ==== Program closed ====
2020-03-28 23:30:29 -- ==== Program started ====
2020-03-28 23:30:29 -- Plot::Plot(): failed to create texture
2020-03-28 23:30:30 -- ==== Program closed ====
2020-03-28 23:30:39 -- ==== Program started ====
2020-03-28 23:30:40 -- Plot::Plot(): failed to create texture
2020-03-28 23:30:42 -- ==== Program closed ====
2020-03-28 23:31:09 -- ==== Program started ====
2020-03-28 23:31:09 -- Plot::Plot(): failed to create texture
2020-03-28 23:31:11 -- ==== Program closed ====
2020-03-28 23:31:19 -- ==== Program started ====
2020-03-28 23:31:19 -- Plot::Plot(): failed to create texture
2020-03-28 23:31:28 -- ==== Program started ====
2020-03-28 23:31:28 -- Plot::Plot(): failed to create texture
2020-03-28 23:33:09 -- ==== Program started ====
2020-03-28 23:33:09 -- Plot::Plot(): failed to create texture
2020-03-28 23:33:24 -- ==== Program started ====
2020-03-28 23:33:24 -- Plot::Plot(): failed to create texture
2020-03-28 23:35:04 -- ==== Program started ====
2020-03-28 23:35:04 -- Plot::Plot(): failed to create texture
2020-03-28 23:35:10 -- ==== Program closed ====
2020-03-28 23:35:15 -- ==== Program started ====
2020-03-28 23:35:15 -- Plot::Plot(): failed to create texture
2020-03-28 23:35:16 -- ==== Program closed ====
2020-03-28 23:35:17 -- ==== Program started ====
2020-03-28 23:35:17 -- Plot::Plot(): failed to create texture
2020-03-28 23:35:21 -- ==== Program closed ====
2020-03-28 23:41:47 -- ==== Program started ====
2020-03-28 23:41:47 -- Plot::Plot(): failed to create texture
2020-03-28 23:41:51 -- ==== Program closed ====
2020-03-28 23:42:30 -- ==== Program started ====
2020-03-28 23:42:30 -- Plot::Plot(): failed to create texture
2020-03-28 23:42:32 -- ==== Program closed ====
2020-03-28 23:42:45 -- ==== Program started ====
2020-03-28 23:42:45 -- Plot::Plot(): failed to create texture
2020-03-28 23:42:46 -- ==== Program closed ====
2020-03-28 23:42:54 -- ==== Program started ====
2020-03-28 23:42:55 -- ==== Program closed ====
2020-03-28 23:42:57 -- ==== Program started ====
2020-03-28 23:43:01 -- ==== Program closed ====
2020-03-28 23:49:41 -- ==== Program started ====
2020-03-28 23:50:46 -- ==== Program started ====
2020-03-28 23:50:54 -- ==== Program closed ====
2020-03-28 23:51:54 -- ==== Program started ====
2020-03-28 23:52:39 -- ==== Program closed ====
2020-03-28 23:56:47 -- ==== Program started ====
2020-03-28 23:56:52 -- ==== Program closed ====
2020-03-28 23:57:10 -- ==== Program started ====
2020-03-28 23:57:11 -- ==== Program closed ====
2020-03-28 23:57:34 -- ==== Program started ====
2020-03-28 23:57:35 -- ==== Program closed ====
2020-03-28 23:57:50 -- ==== Program started ====
2020-03-28 23:57:50 -- ==== Program closed ====
2020-03-28 23:58:06 -- ==== Program started ====
2020-03-28 23:58:08 -- ==== Program closed ====
2020-03-28 23:58:28 -- ==== Program started ====
2020-03-28 23:58:28 -- Plot::Plot(): failed to create texture
2020-03-28 23:58:30 -- ==== Program closed ====
2020-03-28 23:58:43 -- ==== Program started ====
2020-03-28 23:58:43 -- Plot::Plot(): failed to create texture
2020-03-28 23:58:44 -- ==== Program closed ====
2020-03-29 00:00:07 -- ==== Program started ====
2020-03-29 00:00:08 -- Plot::Plot(): failed to create texture
2020-03-29 00:00:09 -- ==== Program closed ====
2020-03-29 00:00:09 -- ==== Program started ====
2020-03-29 00:00:10 -- Plot::Plot(): failed to create texture
2020-03-29 00:00:11 -- ==== Program closed ====
2020-03-29 00:01:06 -- ==== Program started ====
2020-03-29 00:01:07 -- Plot::Plot(): failed to create texture
2020-03-29 00:01:08 -- ==== Program closed ====
2020-03-29 00:01:20 -- ==== Program started ====
2020-03-29 00:01:21 -- Plot::Plot(): failed to create texture
2020-03-29 00:01:22 -- ==== Program closed ====
2020-03-29 00:02:56 -- ==== Program started ====
2020-03-29 00:02:57 -- Plot::Plot(): failed to create texture. SDL says 'Unsupported YUV format'
2020-03-29 00:02:58 -- ==== Program closed ====
2020-03-29 00:04:14 -- ==== Program started ====
2020-03-29 00:04:14 -- Plot::Plot(): failed to create texture. SDL says 'Unsupported YUV format'
2020-03-29 00:04:15 -- ==== Program closed ====
2020-03-29 00:06:40 -- ==== Program started ====
2020-03-29 00:06:42 -- ==== Program closed ====
2020-03-29 00:07:10 -- ==== Program started ====
2020-03-29 00:07:52 -- ==== Program closed ====
2020-03-29 00:09:25 -- ==== Program started ====
2020-03-29 00:09:40 -- ==== Program closed ====
2020-03-29 00:11:31 -- ==== Program started ====
2020-03-29 00:11:34 -- ==== Program closed ====
2020-03-29 00:13:01 -- ==== Program started ====
2020-03-29 00:13:09 -- ==== Program closed ====
2020-03-29 00:14:27 -- ==== Program started ====
2020-03-29 00:14:34 -- ==== Program closed ====
2020-03-29 00:16:40 -- ==== Program started ====
2020-03-29 00:16:45 -- ==== Program closed ====
2020-03-29 00:19:23 -- ==== Program started ====
2020-03-29 00:19:26 -- ==== Program closed ====
2020-03-29 00:19:45 -- ==== Program started ====
2020-03-29 00:20:01 -- ==== Program closed ====
2020-03-29 00:21:57 -- ==== Program started ====
2020-03-29 00:21:58 -- ==== Program closed ====
2020-03-29 00:22:15 -- ==== Program started ====
2020-03-29 00:22:20 -- ==== Program closed ====
2020-03-29 00:22:47 -- ==== Program started ====
2020-03-29 00:22:51 -- ==== Program closed ====
2020-03-29 00:23:33 -- ==== Program started ====
2020-03-29 00:23:44 -- ==== Program closed ====
2020-03-29 00:24:28 -- ==== Program started ====
2020-03-29 00:24:38 -- ==== Program closed ====
2020-03-29 00:25:15 -- ==== Program started ====
2020-03-29 00:25:27 -- ==== Program closed ====
2020-03-29 00:39:34 -- ==== Program started ====
2020-03-29 00:39:36 -- ==== Program closed ====
2020-03-29 00:42:18 -- ==== Program started ====
2020-03-29 00:42:20 -- ==== Program closed ====
2020-03-29 00:42:42 -- ==== Program started ====
2020-03-29 00:42:47 -- ==== Program closed ====
2020-03-29 00:43:06 -- ==== Program started ====
2020-03-29 00:43:12 -- ==== Program closed ====
2020-03-29 00:46:19 -- ==== Program started ====
2020-03-29 00:46:22 -- ==== Program closed ====
2020-03-29 00:47:03 -- ==== Program started ====
2020-03-29 00:47:09 -- ==== Program closed ====
2020-03-29 00:47:20 -- ==== Program started ====
2020-03-29 00:47:22 -- ==== Program closed ====
2020-03-29 00:47:32 -- ==== Program started ====
2020-03-29 00:47:33 -- ==== Program closed ====
2020-03-29 00:47:41 -- ==== Program started ====
2020-03-29 00:48:16 -- ==== Program closed ====
2020-03-29 10:29:33 -- ==== Program started ====
2020-03-29 10:29:56 -- ==== Program closed ====
2020-03-29 10:34:33 -- ==== Program started ====
2020-03-29 10:34:38 -- ==== Program closed ====
2020-03-29 10:36:49 -- ==== Program started ====
2020-03-29 10:36:53 -- ==== Program closed ====
2020-03-29 10:37:13 -- ==== Program started ====
2020-03-29 10:37:17 -- ==== Program closed ====
2020-03-29 10:37:23 -- ==== Program started ====
2020-03-29 10:37:25 -- ==== Program closed ====
2020-03-29 10:39:44 -- ==== Program started ====
2020-03-29 10:39:48 -- ==== Program closed ====
2020-03-29 10:39:54 -- ==== Program started ====
2020-03-29 10:39:57 -- ==== Program closed ====
2020-03-29 10:44:07 -- ==== Program started ====
2020-03-29 10:44:13 -- ==== Program closed ====
2020-03-29 10:44:38 -- ==== Program started ====
2020-03-29 10:46:20 -- ==== Program closed ====
2020-03-29 10:47:34 -- ==== Program started ====
2020-03-29 10:47:38 -- ==== Program closed ====
2020-03-29 10:47:48 -- ==== Program started ====
2020-03-29 10:48:10 -- ==== Program closed ====
2020-03-29 10:48:49 -- ==== Program started ====
2020-03-29 10:48:53 -- ==== Program closed ====
2020-03-29 10:50:06 -- ==== Program started ====
2020-03-29 10:50:06 -- LuaMachine::get_variable(): given symbol 'y_scale' is not a number
2020-03-29 10:50:07 -- ==== Program closed ====
2020-03-29 10:50:11 -- ==== Program started ====
2020-03-29 10:50:11 -- LuaMachine::get_variable(): given symbol 'y_scale' is not a number
2020-03-29 10:50:12 -- ==== Program closed ====
2020-03-29 10:50:17 -- ==== Program started ====
2020-03-29 10:50:17 -- LuaMachine::get_variable(): given symbol 'y_scale' is not a number
2020-03-29 10:50:22 -- ==== Program closed ====
2020-03-29 10:59:26 -- ==== Program started ====
2020-03-29 10:59:26 -- LuaMachine::get_variable(): given symbol 'y_scale' is not a number
2020-03-29 10:59:28 -- ==== Program closed ====
2020-03-29 11:13:12 -- ==== Program started ====
2020-03-29 11:13:12 -- LuaMachine::get_variable(): given symbol 'y_scale' is not a number
2020-03-29 11:13:13 -- ==== Program closed ====
2020-03-29 11:15:56 -- ==== Program started ====
2020-03-29 11:15:56 -- LuaMachine::get_variable(): given symbol 'y_min' is not a number
2020-03-29 11:15:56 -- LuaMachine::get_variable(): given symbol 'y_max' is not a number
2020-03-29 11:15:56 -- LuaMachine::get_variable(): given symbol 'y_min' is not a number
2020-03-29 11:15:56 -- LuaMachine::get_variable(): given symbol 'y_max' is not a number
2020-03-29 11:16:05 -- ==== Program closed ====
2020-03-29 11:18:23 -- ==== Program started ====
2020-03-29 11:18:23 -- LuaMachine::get_variable(): given symbol 'y_min' is not a number
2020-03-29 11:18:23 -- LuaMachine::get_variable(): given symbol 'y_max' is not a number
2020-03-29 11:18:28 -- ==== Program closed ====
2020-03-29 11:18:38 -- ==== Program started ====
2020-03-29 11:18:38 -- LuaMachine::get_variable(): given symbol 'y_min' is not a number
2020-03-29 11:18:38 -- LuaMachine::get_variable(): given symbol 'y_max' is not a number
2020-03-29 11:18:39 -- ==== Program closed ====
2020-03-29 11:18:43 -- ==== Program started ====
2020-03-29 11:18:43 -- LuaMachine::get_variable(): given symbol 'y_min' is not a number
2020-03-29 11:18:43 -- LuaMachine::get_variable(): given symbol 'y_max' is not a number
2020-03-29 11:18:49 -- ==== Program closed ====
2020-03-29 11:18:52 -- ==== Program started ====
2020-03-29 11:18:52 -- LuaMachine::get_variable(): given symbol 'y_min' is not a number
2020-03-29 11:18:52 -- LuaMachine::get_variable(): given symbol 'y_max' is not a number
2020-03-29 11:18:53 -- ==== Program closed ====
2020-03-29 11:19:21 -- ==== Program started ====
2020-03-29 11:19:21 -- LuaMachine::get_variable(): given symbol 'y_min' is not a number
2020-03-29 11:19:21 -- LuaMachine::get_variable(): given symbol 'y_max' is not a number
2020-03-29 11:19:23 -- ==== Program closed ====
2020-03-29 11:19:29 -- ==== Program started ====
2020-03-29 11:19:29 -- LuaMachine::get_variable(): given symbol 'y_min' is not a number
2020-03-29 11:19:29 -- LuaMachine::get_variable(): given symbol 'y_max' is not a number
2020-03-29 11:19:31 -- ==== Program closed ====
2020-03-29 11:19:33 -- ==== Program started ====
2020-03-29 11:19:33 -- LuaMachine::get_variable(): given symbol 'y_min' is not a number
2020-03-29 11:19:33 -- LuaMachine::get_variable(): given symbol 'y_max' is not a number
2020-03-29 11:22:59 -- ==== Program closed ====
2020-03-29 11:23:59 -- ==== Program started ====
2020-03-29 11:24:00 -- LuaMachine::get_variable(): given symbol 'y_min' is not a number
2020-03-29 11:24:00 -- LuaMachine::get_variable(): given symbol 'y_max' is not a number
2020-03-29 11:24:07 -- ==== Program closed ====
2020-03-29 11:24:25 -- ==== Program started ====
2020-03-29 11:24:25 -- LuaMachine::get_variable(): given symbol 'y_min' is not a number
2020-03-29 11:24:25 -- LuaMachine::get_variable(): given symbol 'y_max' is not a number
2020-03-29 11:24:28 -- ==== Program closed ====
2020-03-29 11:24:44 -- ==== Program started ====
2020-03-29 11:24:45 -- LuaMachine::get_variable(): given symbol 'y_min' is not a number
2020-03-29 11:24:45 -- LuaMachine::get_variable(): given symbol 'y_max' is not a number
2020-03-29 11:24:53 -- ==== Program closed ====
2020-03-29 11:31:50 -- ==== Program started ====
2020-03-29 11:31:53 -- ==== Program closed ====
2020-03-29 11:32:14 -- ==== Program started ====
2020-03-29 11:32:17 -- ==== Program closed ====
2020-03-29 11:32:28 -- ==== Program started ====
2020-03-29 11:32:28 -- LuaMachine::run_file(): failed while running script 'scripts/script2.lua'. Lua says: 'cannot open scripts/script2.lua: No such file or directory'
2020-03-29 11:32:28 -- LuaMachine::get_variable(): given symbol 'x_min' is not a number
2020-03-29 11:32:28 -- LuaMachine::get_variable(): given symbol 'x_max' is not a number
2020-03-29 11:32:28 -- LuaMachine::get_variable(): given symbol 'y_min' is not a number
2020-03-29 11:32:28 -- LuaMachine::get_variable(): given symbol 'y_max' is not a number
2020-03-29 11:32:28 -- LuaMachine::run_function(): given symbol 'f' is not a function
2020-03-29 11:32:28 -- LuaMachine::run_function(): given symbol 'f' is not a function
2020-03-29 11:32:28 -- LuaMachine::run_function(): given symbol 'f' is not a function
2020-03-29 11:32:28 -- LuaMachine::run_function(): given symbol 'f' is not a function
2020-03-29 11:32:28 -- LuaMachine::run_function(): given symbol 'f' is not a function
2020-03-29 11:32:28 -- LuaMachine::run_function(): given symbol 'f' is not a function
2020-03-29 11:32:28 -- LuaMachine::run_function(): given symbol 'f' is not a function
2020-03-29 11:32:28 -- LuaMachine::run_function(): given symbol 'f' is not a function
2020-03-29 11:32:28 -- LuaMachine::run_function(): given symbol 'f' is not a function
2020-03-29 11:32:28 -- LuaMachine::run_function(): given symbol 'f' is not a function
2020-03-29 11:32:28 -- LuaMachine::run_function(): given symbol 'f' is not a function
2020-03-29 11:32:28 -- LuaMachine::run_function(): given symbol 'f' is not a function
2020-03-29 11:32:28 -- LuaMachine::run_function(): given symbol 'f' is not a function
2020-03-29 11:32:28 -- LuaMachine::run_function(): given symbol 'f' is not a function
2020-03-29 11:32:28 -- LuaMachine::run_function(): given symbol 'f' is not a function
2020-03-29 11:32:28 -- LuaMachine::run_function(): given symbol 'f' is not a function
2020-03-29 11:32:28 -- LuaMachine::run_function(): given symbol 'f' is not a function
2020-03-29 11:32:28 -- LuaMachine::run_function(): given symbol 'f' is not a function
2020-03-29 11:32:28 -- LuaMachine::run_function(): given symbol 'f' is not a function
2020-03-29 11:32:28 -- LuaMachine::run_function(): given symbol 'f' is not a function
2020-03-29 11:32:28 -- LuaMachine::run_function(): given symbol 'f' is not a function
2020-03-29 11:32:28 -- LuaMachine::run_function(): given symbol 'f' is not a function
2020-03-29 11:32:28 -- LuaMachine::run_function(): given symbol 'f' is not a function
2020-03-29 11:32:28 -- LuaMachine::run_function(): given symbol 'f' is not a function
2020-03-29 11:32:28 -- LuaMachine::run_function(): given symbol 'f' is not a function
2020-03-29 11:32:28 -- LuaMachine::run_function(): given symbol 'f' is not a function
2020-03-29 11:32:28 -- LuaMachine::run_function(): given symbol 'f' is not a function
2020-03-29 11:32:28 -- LuaMachine::run_function(): given symbol 'f' is not a function
2020-03-29 11:32:28 -- LuaMachine::run_function(): given symbol 'f' is not a function
2020-03-29 11:32:28 -- LuaMachine::run_function(): given symbol 'f' is not a function
2020-03-29 11:32:28 -- LuaMachine::run_function(): given symbol 'f' is not a function
2020-03-29 11:32:28 -- LuaMachine::run_function(): given symbol 'f' is not a function
2020-03-29 11:32:28 -- LuaMachine::run_function(): given symbol 'f' is not a function
2020-03-29 11:32:28 -- LuaMachine::run_function(): given symbol 'f' is not a function
2020-03-29 11:32:28 -- LuaMachine::run_function(): given symbol 'f' is not a function
2020-03-29 11:32:28 -- LuaMachine::run_function(): given symbol 'f' is not a function
2020-03-29 11:32:28 -- LuaMachine::run_function(): given symbol 'f' is not a function
2020-03-29 11:32:28 -- LuaMachine::run_function(): given symbol 'f' is not a function
2020-03-29 11:32:28 -- LuaMachine::run_function(): given symbol 'f' is not a function
2020-03-29 11:32:28 -- LuaMachine::run_function(): given symbol 'f' is not a function
2020-03-29 11:32:28 -- LuaMachine::run_function(): given symbol 'f' is not a function
2020-03-29 11:32:28 -- LuaMachine::run_function(): given symbol 'f' is not a function
2020-03-29 11:32:28 -- LuaMachine::run_function(): given symbol 'f' is not a function
2020-03-29 11:32:28 -- LuaMachine::run_function(): given symbol 'f' is not a function
2020-03-29 11:32:28 -- LuaMachine::run_function(): given symbol 'f' is not a function
2020-03-29 11:32:28 -- LuaMachine::run_function(): given symbol 'f' is not a function
2020-03-29 11:32:28 -- LuaMachine::run_function(): given symbol 'f' is not a function
2020-03-29 11:32:28 -- LuaMachine::run_function(): given symbol 'f' is not a function
2020-03-29 11:32:28 -- LuaMachine::run_function(): given symbol 'f' is not a function
2020-03-29 11:32:28 -- LuaMachine::run_function(): given symbol 'f' is not a function
2020-03-29 11:32:28 -- LuaMachine::run_function(): given symbol 'f' is not a function
2020-03-29 11:32:28 -- LuaMachine::run_function(): given symbol 'f' is not a function
2020-03-29 11:32:28 -- LuaMachine::run_function(): given symbol 'f' is not a function
2020-03-29 11:32:28 -- LuaMachine::run_function(): given symbol 'f' is not a function
2020-03-29 11:32:28 -- LuaMachine::run_function(): given symbol 'f' is not a function
2020-03-29 11:32:28 -- LuaMachine::run_function(): given symbol 'f' is not a function
2020-03-29 11:32:28 -- LuaMachine::run_function(): given symbol 'f' is not a function
2020-03-29 11:32:28 -- LuaMachine::run_function(): given symbol 'f' is not a function
2020-03-29 11:32:28 -- LuaMachine::run_function(): given symbol 'f' is not a function
2020-03-29 11:32:28 -- LuaMachine::run_function(): given symbol 'f' is not a function
2020-03-29 11:32:28 -- LuaMachine::run_function(): given symbol 'f' is not a function
2020-03-29 11:32:28 -- LuaMachine::run_function(): given symbol 'f' is not a function
2020-03-29 11:32:28 -- LuaMachine::run_function(): given symbol 'f' is not a function
2020-03-29 11:32:28 -- LuaMachine::run_function(): given symbol 'f' is not a function
2020-03-29 11:32:28 -- LuaMachine::run_function(): given symbol 'f' is not a function
2020-03-29 11:32:28 -- LuaMachine::run_function(): given symbol 'f' is not a function
2020-03-29 11:32:28 -- LuaMachine::run_function(): given symbol 'f' is not a function
2020-03-29 11:32:28 -- LuaMachine::run_function(): given symbol 'f' is not a function
2020-03-29 11:32:28 -- LuaMachine::run_function(): given symbol 'f' is not a function
2020-03-29 11:32:28 -- LuaMachine::run_function(): given symbol 'f' is not a function
2020-03-29 11:32:28 -- LuaMachine::run_function(): given symbol 'f' is not a function
2020-03-29 11:32:28 -- LuaMachine::run_function(): given symbol 'f' is not a function
2020-03-29 11:32:28 -- LuaMachine::run_function(): given symbol 'f' is not a function
2020-03-29 11:32:28 -- LuaMachine::run_function(): given symbol 'f' is not a function
2020-03-29 11:32:28 -- LuaMachine::run_function(): given symbol 'f' is not a function
2020-03-29 11:32:28 -- LuaMachine::run_function(): given symbol 'f' is not a function
2020-03-29 11:32:28 -- LuaMachine::run_function(): given symbol 'f' is not a function
2020-03-29 11:32:28 -- LuaMachine::run_function(): given symbol 'f' is not a function
2020-03-29 11:32:28 -- LuaMachine::run_function(): given symbol 'f' is not a function
2020-03-29 11:32:28 -- LuaMachine::run_function(): given symbol 'f' is not a function
2020-03-29 11:32:28 -- LuaMachine::run_function(): given symbol 'f' is not a function
2020-03-29 11:32:28 -- LuaMachine::run_function(): given symbol 'f' is not a function
2020-03-29 11:32:28 -- LuaMachine::run_function(): given symbol 'f' is not a function
2020-03-29 11:32:28 -- LuaMachine::run_function(): given symbol 'f' is not a function
2020-03-29 11:32:28 -- LuaMachine::run_function(): given symbol 'f' is not a function
2020-03-29 11:32:28 -- LuaMachine::run_function(): given symbol 'f' is not a function
2020-03-29 11:32:28 -- LuaMachine::run_function(): given symbol 'f' is not a function
2020-03-29 11:32:28 -- LuaMachine::run_function(): given symbol 'f' is not a function
2020-03-29 11:32:28 -- LuaMachine::run_function(): given symbol 'f' is not a function
2020-03-29 11:32:28 -- LuaMachine::run_function(): given symbol 'f' is not a function
2020-03-29 11:32:28 -- LuaMachine::run_function(): given symbol 'f' is not a function
2020-03-29 11:32:28 -- LuaMachine::run_function(): given symbol 'f' is not a function
2020-03-29 11:32:28 -- LuaMachine::run_function(): given symbol 'f' is not a function
2020-03-29 11:32:28 -- LuaMachine::run_function(): given symbol 'f' is not a function
2020-03-29 11:32:28 -- LuaMachine::run_function(): given symbol 'f' is not a function
2020-03-29 11:32:28 -- LuaMachine::run_function(): given symbol 'f' is not a function
2020-03-29 11:32:28 -- LuaMachine::run_function(): given symbol 'f' is not a function
2020-03-29 11:32:28 -- LuaMachine::run_function(): given symbol 'f' is not a function
2020-03-29 11:32:28 -- LuaMachine::run_function(): given symbol 'f' is not a function
2020-03-29 11:32:28 -- LuaMachine::run_function(): given symbol 'f' is not a function
2020-03-29 11:32:28 -- LuaMachine::run_function(): given symbol 'f' is not a function
2020-03-29 11:32:28 -- LuaMachine::run_function(): given symbol 'f' is not a function
2020-03-29 11:32:28 -- LuaMachine::run_function(): given symbol 'f' is not a function
2020-03-29 11:32:28 -- LuaMachine::run_function(): given symbol 'f' is not a function
2020-03-29 11:32:28 -- LuaMachine::run_function(): given symbol 'f' is not a function
2020-03-29 11:32:28 -- LuaMachine::run_function(): given symbol 'f' is not a function
2020-03-29 11:32:28 -- LuaMachine::run_function(): given symbol 'f' is not a function
2020-03-29 11:32:28 -- LuaMachine::run_function(): given symbol 'f' is not a function
2020-03-29 11:32:28 -- LuaMachine::run_function(): given symbol 'f' is not a function
2020-03-29 11:32:28 -- LuaMachine::run_function(): given symbol 'f' is not a function
2020-03-29 11:32:28 -- LuaMachine::run_function(): given symbol 'f' is not a function
2020-03-29 11:32:28 -- LuaMachine::run_function(): given symbol 'f' is not a function
2020-03-29 11:32:28 -- LuaMachine::run_function(): given symbol 'f' is not a function
2020-03-29 11:32:28 -- LuaMachine::run_function(): given symbol 'f' is not a function
2020-03-29 11:32:28 -- LuaMachine::run_function(): given symbol 'f' is not a function
2020-03-29 11:32:28 -- LuaMachine::run_function(): given symbol 'f' is not a function
2020-03-29 11:32:28 -- LuaMachine::run_function(): given symbol 'f' is not a function
2020-03-29 11:32:28 -- LuaMachine::run_function(): given symbol 'f' is not a function
2020-03-29 11:32:28 -- LuaMachine::run_function(): given symbol 'f' is not a function
2020-03-29 11:32:28 -- LuaMachine::run_function(): given symbol 'f' is not a function
2020-03-29 11:32:28 -- LuaMachine::run_function(): given symbol 'f' is not a function
2020-03-29 11:32:28 -- LuaMachine::run_function(): given symbol 'f' is not a function
2020-03-29 11:32:28 -- LuaMachine::run_function(): given symbol 'f' is not a function
2020-03-29 11:32:28 -- LuaMachine::run_function(): given symbol 'f' is not a function
2020-03-29 11:32:28 -- LuaMachine::run_function(): given symbol 'f' is not a function
2020-03-29 11:32:28 -- LuaMachine::run_function(): given symbol 'f' is not a function
2020-03-29 11:32:28 -- LuaMachine::run_function(): given symbol 'f' is not a function
2020-03-29 11:32:28 -- LuaMachine::run_function(): given symbol 'f' is not a function
2020-03-29 11:32:28 -- LuaMachine::run_function(): given symbol 'f' is not a function
2020-03-29 11:32:28 -- LuaMachine::run_function(): given symbol 'f' is not a function
2020-03-29 11:32:28 -- LuaMachine::run_function(): given symbol 'f' is not a function
2020-03-29 11:32:28 -- LuaMachine::run_function(): given symbol 'f' is not a function
2020-03-29 11:32:28 -- LuaMachine::run_function(): given symbol 'f' is not a function
2020-03-29 11:32:28 -- LuaMachine::run_function(): given symbol 'f' is not a function
2020-03-29 11:32:28 -- LuaMachine::run_function(): given symbol 'f' is not a function
2020-03-29 11:32:28 -- LuaMachine::run_function(): given symbol 'f' is not a function
2020-03-29 11:32:28 -- LuaMachine::run_function(): given symbol 'f' is not a function
2020-03-29 11:32:28 -- LuaMachine::run_function(): given symbol 'f' is not a function
2020-03-29 11:32:28 -- LuaMachine::run_function(): given symbol 'f' is not a function
2020-03-29 11:32:28 -- LuaMachine::run_function(): given symbol 'f' is not a function
2020-03-29 11:32:28 -- LuaMachine::run_function(): given symbol 'f' is not a function
2020-03-29 11:32:28 -- LuaMachine::run_function(): given symbol 'f' is not a function
2020-03-29 11:32:28 -- LuaMachine::run_function(): given symbol 'f' is not a function
2020-03-29 11:32:28 -- LuaMachine::run_function(): given symbol 'f' is not a function
2020-03-29 11:32:28 -- LuaMachine::run_function(): given symbol 'f' is not a function
2020-03-29 11:32:28 -- LuaMachine::run_function(): given symbol 'f' is not a function
2020-03-29 11:38:58 -- ==== Program started ====
2020-03-29 11:38:58 -- LuaMachine::run_file(): failed while running script 'scripts/script2.lua'. Lua says: 'cannot open scripts/script2.lua: No such file or directory'
2020-03-29 11:38:58 -- LuaMachine::get_variable(): given symbol 'x_min' is not a number
2020-03-29 11:38:58 -- LuaMachine::get_variable(): given symbol 'x_max' is not a number
2020-03-29 11:38:58 -- LuaMachine::get_variable(): given symbol 'y_min' is not a number
2020-03-29 11:38:58 -- LuaMachine::get_variable(): given symbol 'y_max' is not a number
2020-03-29 11:38:58 -- LuaMachine::run_function(): given symbol 'f' is not a function
2020-03-29 11:38:58 -- LuaMachine::run_function(): given symbol 'f' is not a function
2020-03-29 11:38:58 -- LuaMachine::run_function(): given symbol 'f' is not a function
2020-03-29 11:38:58 -- LuaMachine::run_function(): given symbol 'f' is not a function
2020-03-29 11:38:58 -- LuaMachine::run_function(): given symbol 'f' is not a function
2020-03-29 11:38:58 -- LuaMachine::run_function(): given symbol 'f' is not a function
2020-03-29 11:38:58 -- LuaMachine::run_function(): given symbol 'f' is not a function
2020-03-29 11:38:58 -- LuaMachine::run_function(): given symbol 'f' is not a function
2020-03-29 11:38:58 -- LuaMachine::run_function(): given symbol 'f' is not a function
2020-03-29 11:38:58 -- LuaMachine::run_function(): given symbol 'f' is not a function
2020-03-29 11:38:58 -- LuaMachine::run_function(): given symbol 'f' is not a function
2020-03-29 11:38:58 -- LuaMachine::run_function(): given symbol 'f' is not a function
2020-03-29 11:38:58 -- LuaMachine::run_function(): given symbol 'f' is not a function
2020-03-29 11:38:58 -- LuaMachine::run_function(): given symbol 'f' is not a function
2020-03-29 11:38:58 -- LuaMachine::run_function(): given symbol 'f' is not a function
2020-03-29 11:38:58 -- LuaMachine::run_function(): given symbol 'f' is not a function
2020-03-29 11:38:58 -- LuaMachine::run_function(): given symbol 'f' is not a function
2020-03-29 11:38:58 -- LuaMachine::run_function(): given symbol 'f' is not a function
2020-03-29 11:38:58 -- LuaMachine::run_function(): given symbol 'f' is not a function
2020-03-29 11:38:58 -- LuaMachine::run_function(): given symbol 'f' is not a function
2020-03-29 11:38:58 -- LuaMachine::run_function(): given symbol 'f' is not a function
2020-03-29 11:38:58 -- LuaMachine::run_function(): given symbol 'f' is not a function
2020-03-29 11:38:58 -- LuaMachine::run_function(): given symbol 'f' is not a function
2020-03-29 11:38:58 -- LuaMachine::run_function(): given symbol 'f' is not a function
2020-03-29 11:38:58 -- LuaMachine::run_function(): given symbol 'f' is not a function
2020-03-29 11:38:58 -- LuaMachine::run_function(): given symbol 'f' is not a function
2020-03-29 11:38:58 -- LuaMachine::run_function(): given symbol 'f' is not a function
2020-03-29 11:38:58 -- LuaMachine::run_function(): given symbol 'f' is not a function
2020-03-29 11:38:58 -- LuaMachine::run_function(): given symbol 'f' is not a function
2020-03-29 11:38:58 -- LuaMachine::run_function(): given symbol 'f' is not a function
2020-03-29 11:38:58 -- LuaMachine::run_function(): given symbol 'f' is not a function
2020-03-29 11:38:58 -- LuaMachine::run_function(): given symbol 'f' is not a function
2020-03-29 11:38:58 -- LuaMachine::run_function(): given symbol 'f' is not a function
2020-03-29 11:38:58 -- LuaMachine::run_function(): given symbol 'f' is not a function
2020-03-29 11:38:58 -- LuaMachine::run_function(): given symbol 'f' is not a function
2020-03-29 11:38:58 -- LuaMachine::run_function(): given symbol 'f' is not a function
2020-03-29 11:38:58 -- LuaMachine::run_function(): given symbol 'f' is not a function
2020-03-29 11:38:58 -- LuaMachine::run_function(): given symbol 'f' is not a function
2020-03-29 11:38:58 -- LuaMachine::run_function(): given symbol 'f' is not a function
2020-03-29 11:38:58 -- LuaMachine::run_function(): given symbol 'f' is not a function
2020-03-29 11:38:58 -- LuaMachine::run_function(): given symbol 'f' is not a function
2020-03-29 11:38:58 -- LuaMachine::run_function(): given symbol 'f' is not a function
2020-03-29 11:38:58 -- LuaMachine::run_function(): given symbol 'f' is not a function
2020-03-29 11:38:58 -- LuaMachine::run_function(): given symbol 'f' is not a function
2020-03-29 11:38:58 -- LuaMachine::run_function(): given symbol 'f' is not a function
2020-03-29 11:38:58 -- LuaMachine::run_function(): given symbol 'f' is not a function
2020-03-29 11:38:58 -- LuaMachine::run_function(): given symbol 'f' is not a function
2020-03-29 11:38:58 -- LuaMachine::run_function(): given symbol 'f' is not a function
2020-03-29 11:38:58 -- LuaMachine::run_function(): given symbol 'f' is not a function
2020-03-29 11:38:58 -- LuaMachine::run_function(): given symbol 'f' is not a function
2020-03-29 11:38:58 -- LuaMachine::run_function(): given symbol 'f' is not a function
2020-03-29 11:38:58 -- LuaMachine::run_function(): given symbol 'f' is not a function
2020-03-29 11:38:58 -- LuaMachine::run_function(): given symbol 'f' is not a function
2020-03-29 11:38:58 -- LuaMachine::run_function(): given symbol 'f' is not a function
2020-03-29 11:38:58 -- LuaMachine::run_function(): given symbol 'f' is not a function
2020-03-29 11:38:58 -- LuaMachine::run_function(): given symbol 'f' is not a function
2020-03-29 11:38:58 -- LuaMachine::run_function(): given symbol 'f' is not a function
2020-03-29 11:38:58 -- LuaMachine::run_function(): given symbol 'f' is not a function
2020-03-29 11:38:58 -- LuaMachine::run_function(): given symbol 'f' is not a function
2020-03-29 11:38:58 -- LuaMachine::run_function(): given symbol 'f' is not a function
2020-03-29 11:38:58 -- LuaMachine::run_function(): given symbol 'f' is not a function
2020-03-29 11:38:58 -- LuaMachine::run_function(): given symbol 'f' is not a function
2020-03-29 11:38:58 -- LuaMachine::run_function(): given symbol 'f' is not a function
2020-03-29 11:38:58 -- LuaMachine::run_function(): given symbol 'f' is not a function
2020-03-29 11:38:58 -- LuaMachine::run_function(): given symbol 'f' is not a function
2020-03-29 11:38:58 -- LuaMachine::run_function(): given symbol 'f' is not a function
2020-03-29 11:38:58 -- LuaMachine::run_function(): given symbol 'f' is not a function
2020-03-29 11:38:58 -- LuaMachine::run_function(): given symbol 'f' is not a function
2020-03-29 11:38:58 -- LuaMachine::run_function(): given symbol 'f' is not a function
2020-03-29 11:38:58 -- LuaMachine::run_function(): given symbol 'f' is not a function
2020-03-29 11:38:58 -- LuaMachine::run_function(): given symbol 'f' is not a function
2020-03-29 11:38:58 -- LuaMachine::run_function(): given symbol 'f' is not a function
2020-03-29 11:38:58 -- LuaMachine::run_function(): given symbol 'f' is not a function
2020-03-29 11:38:58 -- LuaMachine::run_function(): given symbol 'f' is not a function
2020-03-29 11:38:58 -- LuaMachine::run_function(): given symbol 'f' is not a function
2020-03-29 11:38:58 -- LuaMachine::run_function(): given symbol 'f' is not a function
2020-03-29 11:38:58 -- LuaMachine::run_function(): given symbol 'f' is not a function
2020-03-29 11:38:58 -- LuaMachine::run_function(): given symbol 'f' is not a function
2020-03-29 11:38:58 -- LuaMachine::run_function(): given symbol 'f' is not a function
2020-03-29 11:38:58 -- LuaMachine::run_function(): given symbol 'f' is not a function
2020-03-29 11:38:58 -- LuaMachine::run_function(): given symbol 'f' is not a function
2020-03-29 11:38:58 -- LuaMachine::run_function(): given symbol 'f' is not a function
2020-03-29 11:38:58 -- LuaMachine::run_function(): given symbol 'f' is not a function
2020-03-29 11:38:58 -- LuaMachine::run_function(): given symbol 'f' is not a function
2020-03-29 11:38:58 -- LuaMachine::run_function(): given symbol 'f' is not a function
2020-03-29 11:38:58 -- LuaMachine::run_function(): given symbol 'f' is not a function
2020-03-29 11:38:58 -- LuaMachine::run_function(): given symbol 'f' is not a function
2020-03-29 11:38:58 -- LuaMachine::run_function(): given symbol 'f' is not a function
2020-03-29 11:38:58 -- LuaMachine::run_function(): given symbol 'f' is not a function
2020-03-29 11:38:58 -- LuaMachine::run_function(): given symbol 'f' is not a function
2020-03-29 11:38:58 -- LuaMachine::run_function(): given symbol 'f' is not a function
2020-03-29 11:38:58 -- LuaMachine::run_function(): given symbol 'f' is not a function
2020-03-29 11:38:58 -- LuaMachine::run_function(): given symbol 'f' is not a function
2020-03-29 11:38:58 -- LuaMachine::run_function(): given symbol 'f' is not a function
2020-03-29 11:38:58 -- LuaMachine::run_function(): given symbol 'f' is not a function
2020-03-29 11:38:58 -- LuaMachine::run_function(): given symbol 'f' is not a function
2020-03-29 11:38:58 -- LuaMachine::run_function(): given symbol 'f' is not a function
2020-03-29 11:38:58 -- LuaMachine::run_function(): given symbol 'f' is not a function
2020-03-29 11:38:58 -- LuaMachine::run_function(): given symbol 'f' is not a function
2020-03-29 11:38:58 -- LuaMachine::run_function(): given symbol 'f' is not a function
2020-03-29 11:38:58 -- LuaMachine::run_function(): given symbol 'f' is not a function
2020-03-29 11:38:58 -- LuaMachine::run_function(): given symbol 'f' is not a function
2020-03-29 11:38:58 -- LuaMachine::run_function(): given symbol 'f' is not a function
2020-03-29 11:38:58 -- LuaMachine::run_function(): given symbol 'f' is not a function
2020-03-29 11:38:58 -- LuaMachine::run_function(): given symbol 'f' is not a function
2020-03-29 11:38:58 -- LuaMachine::run_function(): given symbol 'f' is not a function
2020-03-29 11:38:58 -- LuaMachine::run_function(): given symbol 'f' is not a function
2020-03-29 11:38:58 -- LuaMachine::run_function(): given symbol 'f' is not a function
2020-03-29 11:38:58 -- LuaMachine::run_function(): given symbol 'f' is not a function
2020-03-29 11:38:58 -- LuaMachine::run_function(): given symbol 'f' is not a function
2020-03-29 11:38:58 -- LuaMachine::run_function(): given symbol 'f' is not a function
2020-03-29 11:38:58 -- LuaMachine::run_function(): given symbol 'f' is not a function
2020-03-29 11:38:58 -- LuaMachine::run_function(): given symbol 'f' is not a function
2020-03-29 11:38:58 -- LuaMachine::run_function(): given symbol 'f' is not a function
2020-03-29 11:38:58 -- LuaMachine::run_function(): given symbol 'f' is not a function
2020-03-29 11:38:58 -- LuaMachine::run_function(): given symbol 'f' is not a function
2020-03-29 11:38:58 -- LuaMachine::run_function(): given symbol 'f' is not a function
2020-03-29 11:38:58 -- LuaMachine::run_function(): given symbol 'f' is not a function
2020-03-29 11:38:58 -- LuaMachine::run_function(): given symbol 'f' is not a function
2020-03-29 11:38:58 -- LuaMachine::run_function(): given symbol 'f' is not a function
2020-03-29 11:38:58 -- LuaMachine::run_function(): given symbol 'f' is not a function
2020-03-29 11:38:58 -- LuaMachine::run_function(): given symbol 'f' is not a function
2020-03-29 11:38:58 -- LuaMachine::run_function(): given symbol 'f' is not a function
2020-03-29 11:38:58 -- LuaMachine::run_function(): given symbol 'f' is not a function
2020-03-29 11:38:58 -- LuaMachine::run_function(): given symbol 'f' is not a function
2020-03-29 11:38:58 -- LuaMachine::run_function(): given symbol 'f' is not a function
2020-03-29 11:38:58 -- LuaMachine::run_function(): given symbol 'f' is not a function
2020-03-29 11:38:58 -- LuaMachine::run_function(): given symbol 'f' is not a function
2020-03-29 11:38:58 -- LuaMachine::run_function(): given symbol 'f' is not a function
2020-03-29 11:38:58 -- LuaMachine::run_function(): given symbol 'f' is not a function
2020-03-29 11:38:58 -- LuaMachine::run_function(): given symbol 'f' is not a function
2020-03-29 11:38:58 -- LuaMachine::run_function(): given symbol 'f' is not a function
2020-03-29 11:38:58 -- LuaMachine::run_function(): given symbol 'f' is not a function
2020-03-29 11:38:58 -- LuaMachine::run_function(): given symbol 'f' is not a function
2020-03-29 11:38:58 -- LuaMachine::run_function(): given symbol 'f' is not a function
2020-03-29 11:38:58 -- LuaMachine::run_function(): given symbol 'f' is not a function
2020-03-29 11:38:58 -- LuaMachine::run_function(): given symbol 'f' is not a function
2020-03-29 11:38:58 -- LuaMachine::run_function(): given symbol 'f' is not a function
2020-03-29 11:38:58 -- LuaMachine::run_function(): given symbol 'f' is not a function
2020-03-29 11:38:58 -- LuaMachine::run_function(): given symbol 'f' is not a function
2020-03-29 11:38:58 -- LuaMachine::run_function(): given symbol 'f' is not a function
2020-03-29 11:38:58 -- LuaMachine::run_function(): given symbol 'f' is not a function
2020-03-29 11:38:58 -- LuaMachine::run_function(): given symbol 'f' is not a function
2020-03-29 11:38:58 -- LuaMachine::run_function(): given symbol 'f' is not a function
2020-03-29 11:38:58 -- LuaMachine::run_function(): given symbol 'f' is not a function
2020-03-29 11:38:58 -- LuaMachine::run_function(): given symbol 'f' is not a function
2020-03-29 11:38:58 -- LuaMachine::run_function(): given symbol 'f' is not a function
2020-03-29 11:38:58 -- LuaMachine::run_function(): given symbol 'f' is not a function
2020-03-29 11:38:58 -- LuaMachine::run_function(): given symbol 'f' is not a function
2020-03-29 11:38:58 -- LuaMachine::run_function(): given symbol 'f' is not a function
2020-03-29 11:38:58 -- LuaMachine::run_function(): given symbol 'f' is not a function
2020-03-29 11:38:58 -- LuaMachine::run_function(): given symbol 'f' is not a function
2020-03-29 11:38:58 -- LuaMachine::run_function(): given symbol 'f' is not a function
2020-03-29 11:38:58 -- LuaMachine::run_function(): given symbol 'f' is not a function
2020-03-29 11:38:58 -- LuaMachine::run_function(): given symbol 'f' is not a function
2020-03-29 11:38:58 -- LuaMachine::run_function(): given symbol 'f' is not a function
2020-03-29 11:38:58 -- LuaMachine::run_function(): given symbol 'f' is not a function
2020-03-29 11:38:58 -- LuaMachine::run_function(): given symbol 'f' is not a function
2020-03-29 11:38:58 -- LuaMachine::run_function(): given symbol 'f' is not a function
2020-03-29 11:38:58 -- LuaMachine::run_function(): given symbol 'f' is not a function
2020-03-29 11:38:58 -- LuaMachine::run_function(): given symbol 'f' is not a function
2020-03-29 11:38:58 -- LuaMachine::run_function(): given symbol 'f' is not a function
2020-03-29 11:38:58 -- LuaMachine::run_function(): given symbol 'f' is not a function
2020-03-29 11:38:58 -- LuaMachine::run_function(): given symbol 'f' is not a function
2020-03-29 11:38:58 -- LuaMachine::run_function(): given symbol 'f' is not a function
2020-03-29 11:38:58 -- LuaMachine::run_function(): given symbol 'f' is not a function
2020-03-29 11:38:58 -- LuaMachine::run_function(): given symbol 'f' is not a function
2020-03-29 11:38:58 -- LuaMachine::run_function(): given symbol 'f' is not a function
2020-03-29 11:38:58 -- LuaMachine::run_function(): given symbol 'f' is not a function
2020-03-29 11:38:58 -- LuaMachine::run_function(): given symbol 'f' is not a function
2020-03-29 11:38:58 -- LuaMachine::run_function(): given symbol 'f' is not a function
2020-03-29 11:38:58 -- LuaMachine::run_function(): given symbol 'f' is not a function
2020-03-29 11:38:58 -- LuaMachine::run_function(): given symbol 'f' is not a function
2020-03-29 11:38:58 -- LuaMachine::run_function(): given symbol 'f' is not a function
2020-03-29 11:38:58 -- LuaMachine::run_function(): given symbol 'f' is not a function
2020-03-29 11:38:58 -- LuaMachine::run_function(): given symbol 'f' is not a function
2020-03-29 11:38:58 -- LuaMachine::run_function(): given symbol 'f' is not a function
2020-03-29 11:38:58 -- LuaMachine::run_function(): given symbol 'f' is not a function
2020-03-29 11:38:58 -- LuaMachine::run_function(): given symbol 'f' is not a function
2020-03-29 11:38:58 -- LuaMachine::run_function(): given symbol 'f' is not a function
2020-03-29 11:38:58 -- LuaMachine::run_function(): given symbol 'f' is not a function
2020-03-29 11:38:58 -- LuaMachine::run_function(): given symbol 'f' is not a function
2020-03-29 11:38:58 -- LuaMachine::run_function(): given symbol 'f' is not a function
2020-03-29 11:38:58 -- LuaMachine::run_function(): given symbol 'f' is not a function
2020-03-29 11:38:58 -- LuaMachine::run_function(): given symbol 'f' is not a function
2020-03-29 11:38:58 -- LuaMachine::run_function(): given symbol 'f' is not a function
2020-03-29 11:38:58 -- LuaMachine::run_function(): given symbol 'f' is not a function
2020-03-29 11:38:58 -- LuaMachine::run_function(): given symbol 'f' is not a function
2020-03-29 11:38:58 -- LuaMachine::run_function(): given symbol 'f' is not a function
2020-03-29 11:38:58 -- LuaMachine::run_function(): given symbol 'f' is not a function
2020-03-29 11:38:58 -- LuaMachine::run_function(): given symbol 'f' is not a function
2020-03-29 11:38:58 -- LuaMachine::run_function(): given symbol 'f' is not a function
2020-03-29 11:38:58 -- LuaMachine::run_function(): given symbol 'f' is not a function
2020-03-29 11:38:58 -- LuaMachine::run_function(): given symbol 'f' is not a function
2020-03-29 11:38:58 -- LuaMachine::run_function(): given symbol 'f' is not a function
2020-03-29 11:38:58 -- LuaMachine::run_function(): given symbol 'f' is not a function
2020-03-29 11:38:58 -- LuaMachine::run_function(): given symbol 'f' is not a function
2020-03-29 11:38:58 -- LuaMachine::run_function(): given symbol 'f' is not a function
2020-03-29 11:38:58 -- LuaMachine::run_function(): given symbol 'f' is not a function
2020-03-29 11:38:58 -- LuaMachine::run_function(): given symbol 'f' is not a function
2020-03-29 11:38:58 -- LuaMachine::run_function(): given symbol 'f' is not a function
2020-03-29 11:38:58 -- LuaMachine::run_function(): given symbol 'f' is not a function
2020-03-29 11:38:58 -- LuaMachine::run_function(): given symbol 'f' is not a function
2020-03-29 11:38:58 -- LuaMachine::run_function(): given symbol 'f' is not a function
2020-03-29 11:38:58 -- LuaMachine::run_function(): given symbol 'f' is not a function
2020-03-29 11:38:58 -- LuaMachine::run_function(): given symbol 'f' is not a function
2020-03-29 11:38:58 -- LuaMachine::run_function(): given symbol 'f' is not a function
2020-03-29 11:38:58 -- LuaMachine::run_function(): given symbol 'f' is not a function
2020-03-29 11:38:58 -- LuaMachine::run_function(): given symbol 'f' is not a function
2020-03-29 11:38:58 -- LuaMachine::run_function(): given symbol 'f' is not a function
2020-03-29 11:38:58 -- LuaMachine::run_function(): given symbol 'f' is not a function
2020-03-29 11:38:58 -- LuaMachine::run_function(): given symbol 'f' is not a function
2020-03-29 11:38:58 -- LuaMachine::run_function(): given symbol 'f' is not a function
2020-03-29 11:38:58 -- LuaMachine::run_function(): given symbol 'f' is not a function
2020-03-29 11:38:58 -- LuaMachine::run_function(): given symbol 'f' is not a function
2020-03-29 11:38:58 -- LuaMachine::run_function(): given symbol 'f' is not a function
2020-03-29 11:38:58 -- LuaMachine::run_function(): given symbol 'f' is not a function
2020-03-29 11:38:58 -- LuaMachine::run_function(): given symbol 'f' is not a function
2020-03-29 11:38:58 -- LuaMachine::run_function(): given symbol 'f' is not a function
2020-03-29 11:38:58 -- LuaMachine::run_function(): given symbol 'f' is not a function
2020-03-29 11:39:23 -- ==== Program started ====
2020-03-29 11:39:26 -- ==== Program closed ====
2020-03-29 11:41:30 -- ==== Program started ====
2020-03-29 11:41:34 -- ==== Program closed ====
2020-03-29 11:50:46 -- ==== Program started ====
2020-03-29 11:51:02 -- ==== Program closed ====
2020-03-29 11:56:10 -- ==== Program started ====
2020-03-29 11:56:11 -- ==== Program closed ====
2020-03-29 11:59:18 -- ==== Program started ====
2020-03-29 11:59:20 -- ==== Program closed ====
2020-03-29 11:59:35 -- ==== Program started ====
2020-03-29 11:59:49 -- ==== Program closed ====
2020-03-29 12:00:51 -- ==== Program started ====
2020-03-29 12:01:16 -- ==== Program closed ====
2020-03-29 12:01:43 -- ==== Program started ====
2020-03-29 12:01:46 -- ==== Program closed ====
2020-03-29 12:01:53 -- ==== Program started ====
2020-03-29 12:02:30 -- ==== Program closed ====
2020-03-29 12:05:47 -- ==== Program started ====
2020-03-29 12:05:49 -- ==== Program closed ====
2020-03-29 12:06:50 -- ==== Program started ====
2020-03-29 12:07:07 -- ==== Program closed ====
2020-03-29 12:07:17 -- ==== Program started ====
2020-03-29 12:07:17 -- ==== Program closed ====
2020-03-29 12:08:12 -- ==== Program started ====
2020-03-29 12:08:17 -- ==== Program closed ====
2020-03-29 12:08:34 -- ==== Program started ====
2020-03-29 12:08:37 -- ==== Program closed ====
2020-03-29 12:08:50 -- ==== Program started ====
2020-03-29 12:09:00 -- ==== Program closed ====
2020-03-29 12:09:12 -- ==== Program started ====
2020-03-29 12:09:19 -- ==== Program closed ====
2020-03-29 12:14:27 -- ==== Program started ====
2020-03-29 12:14:44 -- ==== Program closed ====
2020-03-29 12:18:26 -- ==== Program started ====
2020-03-29 12:18:28 -- ==== Program closed ====
2020-03-29 12:19:06 -- ==== Program started ====
2020-03-29 12:19:57 -- ==== Program closed ====
2020-03-29 12:34:11 -- ==== Program started ====
2020-03-29 12:34:18 -- LuaMachine::run_function(): failed while running function 'f'. Lua says: 'stack overflow'
2020-03-29 12:34:18 -- LuaMachine::run_function(): failed while running function 'f'. Lua says: 'stack overflow'
2020-03-29 12:34:18 -- LuaMachine::run_function(): failed while running function 'f'. Lua says: 'stack overflow'
2020-03-29 12:34:18 -- LuaMachine::run_function(): failed while running function 'f'. Lua says: 'stack overflow'
2020-03-29 12:35:53 -- ==== Program started ====
2020-03-29 12:35:58 -- LuaMachine::run_function(): failed while running function 'f'. Lua says: 'stack overflow'
2020-03-29 12:35:58 -- LuaMachine::run_function(): failed while running function 'f'. Lua says: 'stack overflow'
2020-03-29 12:35:58 -- LuaMachine::run_function(): failed while running function 'f'. Lua says: 'stack overflow'
2020-03-29 12:35:58 -- LuaMachine::run_function(): failed while running function 'f'. Lua says: 'stack overflow'
2020-03-29 12:37:01 -- ==== Program started ====
2020-03-29 12:37:14 -- LuaMachine::run_function(): failed while running function 'f'. Lua says: 'stack overflow'
2020-03-29 12:37:14 -- LuaMachine::run_function(): failed while running function 'f'. Lua says: 'stack overflow'
2020-03-29 12:37:14 -- LuaMachine::run_function(): failed while running function 'f'. Lua says: 'stack overflow'
2020-03-29 12:37:14 -- LuaMachine::run_function(): failed while running function 'f'. Lua says: 'stack overflow'
2020-03-29 12:37:18 -- ==== Program closed ====
2020-03-29 12:38:30 -- ==== Program started ====
2020-03-29 12:38:45 -- LuaMachine::run_function(): failed while running function 'f'. Lua says: 'stack overflow'
2020-03-29 12:38:45 -- LuaMachine::run_function(): failed while running function 'f'. Lua says: 'stack overflow'
2020-03-29 12:38:45 -- LuaMachine::run_function(): failed while running function 'f'. Lua says: 'stack overflow'
2020-03-29 12:38:45 -- LuaMachine::run_function(): failed while running function 'f'. Lua says: 'stack overflow'
2020-03-29 12:41:40 -- ==== Program started ====
2020-03-29 12:42:35 -- ==== Program started ====
2020-03-29 12:43:11 -- ==== Program closed ====
2020-03-29 12:43:56 -- ==== Program started ====
2020-03-29 12:44:30 -- ==== Program closed ====
2020-03-29 12:50:15 -- ==== Program started ====
2020-03-29 12:51:11 -- ==== Program closed ====
2020-03-29 12:55:14 -- ==== Program started ====
2020-03-29 12:55:29 -- ==== Program closed ====
2020-03-29 12:55:51 -- ==== Program started ====
2020-03-29 12:55:53 -- ==== Program closed ====
2020-03-29 12:56:04 -- ==== Program started ====
2020-03-29 12:56:09 -- ==== Program closed ====
2020-03-29 12:59:17 -- ==== Program started ====
2020-03-29 12:59:58 -- ==== Program closed ====
2020-03-29 13:01:27 -- ==== Program started ====
2020-03-29 13:01:47 -- ==== Program closed ====
2020-03-29 13:01:59 -- ==== Program started ====
2020-03-29 13:02:39 -- ==== Program closed ====
2020-03-29 13:05:51 -- ==== Program started ====
2020-03-29 13:06:15 -- ==== Program closed ====
2020-03-29 13:06:42 -- ==== Program started ====
2020-03-29 13:07:01 -- ==== Program closed ====
2020-03-29 13:07:15 -- ==== Program started ====
2020-03-29 13:07:56 -- ==== Program closed ====
2020-03-29 13:09:12 -- ==== Program started ====
2020-03-29 13:09:42 -- ==== Program closed ====
2020-03-29 13:09:44 -- ==== Program started ====
2020-03-29 13:10:05 -- ==== Program closed ====
2020-03-29 13:10:28 -- ==== Program started ====
2020-03-29 13:16:37 -- ==== Program closed ====
2020-03-29 14:03:39 -- ==== Program started ====
2020-03-29 14:03:49 -- ==== Program closed ====
2020-03-29 14:18:29 -- LuaMachine::run_file(): failed while running script 'config.lua'. Lua says: 'cannot open config.lua: No such file or directory'
2020-03-29 14:18:29 -- ==== Program started ====
2020-03-29 14:18:29 -- LuaMachine::get_variable(): given symbol 'default_window_height' is not a number
2020-03-29 14:18:29 -- LuaMachine::get_variable(): given symbol 'default_window_width' is not a number
2020-03-29 14:18:29 -- LuaMachine::get_variable(): given symbol 'default_window_height' is not a number
2020-03-29 14:18:29 -- LuaMachine::get_variable(): given symbol 'default_window_width' is not a number
2020-03-29 14:18:34 -- ==== Program closed ====
2020-03-29 14:19:37 -- ==== Program started ====
2020-03-29 14:20:08 -- ==== Program closed ====
2020-03-29 14:20:36 -- ==== Program started ====
2020-03-29 14:20:37 -- ==== Program closed ====
2020-03-29 14:26:40 -- ==== Program started ====
2020-03-29 14:26:41 -- ==== Program closed ====
2020-03-29 14:26:44 -- ==== Program started ====
2020-03-29 14:26:45 -- ==== Program closed ====
2020-03-29 14:26:49 -- ==== Program started ====
2020-03-29 14:26:50 -- ==== Program closed ====
2020-03-29 14:26:53 -- ==== Program started ====
2020-03-29 14:26:54 -- ==== Program closed ====
2020-03-29 14:26:57 -- ==== Program started ====
2020-03-29 14:27:02 -- ==== Program closed ====
2020-03-29 14:27:06 -- ==== Program started ====
2020-03-29 14:27:07 -- ==== Program closed ====
2020-03-29 14:27:10 -- ==== Program started ====
2020-03-29 14:27:12 -- ==== Program closed ====
2020-03-29 14:27:18 -- ==== Program started ====
2020-03-29 14:27:33 -- ==== Program closed ====
2020-03-29 14:27:37 -- ==== Program started ====
2020-03-29 14:27:45 -- ==== Program closed ====
2020-03-29 14:27:52 -- ==== Program started ====
2020-03-29 14:28:01 -- ==== Program closed ====
2020-03-29 14:28:04 -- ==== Program started ====
2020-03-29 14:28:41 -- ==== Program closed ====
2020-03-29 14:29:15 -- ==== Program started ====
2020-03-29 14:29:16 -- ==== Program closed ====
2020-03-29 14:29:28 -- ==== Program started ====
2020-03-29 14:29:30 -- ==== Program closed ====
2020-03-29 14:29:34 -- ==== Program started ====
2020-03-29 14:29:36 -- ==== Program closed ====
2020-03-29 14:29:40 -- ==== Program started ====
2020-03-29 14:29:48 -- ==== Program closed ====
2020-03-29 14:29:54 -- ==== Program started ====
2020-03-29 14:29:59 -- ==== Program closed ====
2020-03-29 14:30:05 -- ==== Program started ====
2020-03-29 14:30:10 -- ==== Program closed ====
2020-03-29 14:37:58 -- ==== Program started ====
2020-03-29 14:38:01 -- ==== Program closed ====
2020-03-29 14:38:06 -- ==== Program started ====
2020-03-29 14:38:12 -- ==== Program closed ====
2020-03-29 14:38:18 -- ==== Program started ====
2020-03-29 14:38:32 -- ==== Program closed ====
2020-03-29 14:38:35 -- ==== Program started ====
2020-03-29 14:38:38 -- ==== Program closed ====
2020-03-29 14:38:42 -- ==== Program started ====
2020-03-29 14:38:53 -- ==== Program closed ====
2020-03-29 14:38:57 -- ==== Program started ====
2020-03-29 14:39:08 -- ==== Program closed ====
2020-03-29 14:39:15 -- ==== Program started ====
2020-03-29 14:39:17 -- ==== Program closed ====
2020-03-29 14:39:21 -- ==== Program started ====
2020-03-29 14:39:25 -- ==== Program closed ====
2020-03-29 14:40:11 -- ==== Program started ====
2020-03-29 14:40:13 -- ==== Program closed ====
2020-03-29 14:40:26 -- ==== Program started ====
2020-03-29 14:40:28 -- ==== Program closed ====
2020-03-29 14:40:43 -- ==== Program started ====
2020-03-29 14:40:45 -- ==== Program closed ====
2020-03-29 14:40:47 -- ==== Program started ====
2020-03-29 14:41:07 -- ==== Program closed ====
2020-03-29 14:41:40 -- ==== Program started ====
2020-03-29 14:41:44 -- ==== Program closed ====
2020-03-29 14:41:51 -- ==== Program started ====
2020-03-29 14:42:47 -- ==== Program closed ====
2020-03-29 14:42:55 -- ==== Program started ====
2020-03-29 14:43:07 -- ==== Program closed ====
2020-03-29 14:43:12 -- ==== Program started ====
2020-03-29 14:43:13 -- ==== Program closed ====
2020-03-29 14:43:16 -- ==== Program started ====
2020-03-29 14:43:20 -- ==== Program closed ====
2020-03-29 14:43:24 -- ==== Program started ====
2020-03-29 14:43:28 -- ==== Program closed ====
2020-03-29 14:43:31 -- ==== Program started ====
2020-03-29 14:43:37 -- ==== Program closed ====
2020-03-29 14:45:40 -- ==== Program started ====
2020-03-29 14:45:41 -- ==== Program closed ====
2020-03-29 14:45:51 -- ==== Program started ====
2020-03-29 14:45:54 -- ==== Program closed ====
2020-03-29 14:46:07 -- ==== Program started ====
2020-03-29 14:46:23 -- ==== Program closed ====
2020-03-29 14:46:28 -- ==== Program started ====
2020-03-29 14:46:34 -- ==== Program closed ====
2020-03-29 14:47:05 -- ==== Program started ====
2020-03-29 14:47:07 -- ==== Program closed ====
2020-03-29 14:47:20 -- ==== Program started ====
2020-03-29 14:47:21 -- ==== Program closed ====
2020-03-29 14:48:22 -- ==== Program started ====
2020-03-29 14:48:27 -- ==== Program closed ====
2020-03-29 14:48:34 -- ==== Program started ====
2020-03-29 14:48:35 -- ==== Program closed ====
2020-03-29 14:48:39 -- ==== Program started ====
2020-03-29 14:48:44 -- ==== Program closed ====
2020-03-29 14:48:57 -- ==== Program started ====
2020-03-29 14:49:53 -- ==== Program closed ====
2020-03-29 14:50:00 -- ==== Program started ====
2020-03-29 14:50:01 -- ==== Program closed ====
2020-03-29 14:50:12 -- ==== Program started ====
2020-03-29 15:21:00 -- ==== Program closed ====
2020-03-29 15:21:53 -- ==== Program started ====
2020-03-29 15:21:54 -- ==== Program closed ====
2020-03-29 15:22:16 -- ==== Program started ====
2020-03-29 15:22:17 -- ==== Program closed ====
2020-03-29 15:22:26 -- ==== Program started ====
2020-03-29 15:22:29 -- ==== Program closed ====
2020-03-29 15:22:39 -- ==== Program started ====
2020-03-29 15:22:42 -- ==== Program closed ====
2020-03-29 15:22:49 -- ==== Program started ====
2020-03-29 15:22:51 -- ==== Program closed ====
2020-03-29 15:23:06 -- ==== Program started ====
2020-03-29 15:23:24 -- ==== Program closed ====
2020-03-29 15:23:39 -- ==== Program started ====
2020-03-29 15:24:06 -- ==== Program closed ====
2020-03-29 15:24:14 -- ==== Program started ====
2020-03-29 15:24:17 -- ==== Program closed ====
2020-03-29 15:24:31 -- ==== Program started ====
2020-03-29 15:24:37 -- ==== Program closed ====
2020-03-29 15:27:11 -- ==== Program started ====
2020-03-29 15:27:16 -- ==== Program closed ====
2020-03-29 15:29:36 -- ==== Program started ====
2020-03-29 15:29:39 -- ==== Program closed ====
2020-03-29 15:30:06 -- ==== Program started ====
2020-03-29 15:30:20 -- ==== Program closed ====
2020-03-29 15:30:31 -- ==== Program started ====
2020-03-29 15:30:35 -- ==== Program closed ====
2020-03-29 15:30:55 -- ==== Program started ====
2020-03-29 15:30:56 -- ==== Program closed ====
2020-03-29 15:31:04 -- ==== Program started ====
2020-03-29 15:32:04 -- ==== Program closed ====
2020-03-29 15:41:54 -- ==== Program started ====
2020-03-29 15:42:00 -- ==== Program closed ====
2020-03-29 15:42:13 -- ==== Program started ====
2020-03-29 15:42:16 -- ==== Program closed ====
2020-03-29 15:42:54 -- ==== Program started ====
2020-03-29 15:43:00 -- ==== Program closed ====
2020-03-29 15:43:12 -- ==== Program started ====
2020-03-29 15:44:14 -- ==== Program closed ====
2020-03-29 15:49:40 -- ==== Program started ====
2020-03-29 15:49:41 -- LuaMachine::get_variable(): given symbol 'color' is not a number
2020-03-29 15:49:44 -- ==== Program closed ====
2020-03-29 15:52:13 -- ==== Program started ====
2020-03-29 15:52:13 -- LuaMachine::get_variable(): given symbol 'color' is not a number
2020-03-29 15:52:15 -- ==== Program closed ====
2020-03-29 15:53:12 -- ==== Program started ====
2020-03-29 15:53:27 -- ==== Program closed ====
2020-03-29 15:55:26 -- ==== Program started ====
2020-03-29 15:55:42 -- ==== Program closed ====
2020-03-29 15:56:01 -- ==== Program started ====
2020-03-29 15:56:02 -- ==== Program closed ====
2020-03-29 15:56:06 -- ==== Program started ====
2020-03-29 15:56:12 -- ==== Program closed ====
2020-03-29 15:56:19 -- ==== Program started ====
2020-03-29 15:56:20 -- ==== Program closed ====
2020-03-29 15:56:28 -- ==== Program started ====
2020-03-29 15:56:29 -- ==== Program closed ====
2020-03-29 15:56:33 -- ==== Program started ====
2020-03-29 15:56:34 -- ==== Program closed ====
2020-03-29 15:56:42 -- ==== Program started ====
2020-03-29 15:56:53 -- ==== Program closed ====
2020-03-29 15:56:59 -- ==== Program started ====
2020-03-29 15:57:00 -- ==== Program closed ====
2020-03-29 15:57:04 -- ==== Program started ====
2020-03-29 15:57:05 -- ==== Program closed ====
2020-03-29 15:57:07 -- ==== Program started ====
2020-03-29 15:57:08 -- ==== Program closed ====
2020-03-29 15:57:16 -- ==== Program started ====
2020-03-29 15:57:16 -- ==== Program closed ====
2020-03-29 15:57:23 -- ==== Program started ====
2020-03-29 15:57:24 -- ==== Program closed ====
2020-03-29 15:57:31 -- ==== Program started ====
2020-03-29 15:57:32 -- ==== Program closed ====
2020-03-29 15:57:37 -- ==== Program started ====
2020-03-29 15:57:38 -- ==== Program closed ====
2020-03-29 15:58:07 -- ==== Program started ====
2020-03-29 15:58:15 -- ==== Program closed ====
2020-03-29 15:58:23 -- ==== Program started ====
2020-03-29 15:58:30 -- ==== Program closed ====
2020-03-29 15:58:40 -- ==== Program started ====
2020-03-29 15:58:42 -- ==== Program closed ====
2020-03-29 15:58:46 -- ==== Program started ====
2020-03-29 15:58:50 -- ==== Program closed ====
2020-03-29 15:58:53 -- ==== Program started ====
2020-03-29 15:58:55 -- ==== Program closed ====
2020-03-29 15:58:58 -- ==== Program started ====
2020-03-29 15:59:00 -- ==== Program closed ====
2020-03-29 15:59:03 -- ==== Program started ====
2020-03-29 15:59:13 -- ==== Program closed ====
2020-03-29 15:59:16 -- ==== Program started ====
2020-03-29 15:59:17 -- ==== Program closed ====
2020-03-29 15:59:23 -- ==== Program started ====
2020-03-29 15:59:27 -- ==== Program closed ====
2020-03-29 15:59:31 -- ==== Program started ====
2020-03-29 15:59:44 -- ==== Program closed ====
2020-03-29 15:59:49 -- ==== Program started ====
2020-03-29 15:59:50 -- ==== Program closed ====
2020-03-29 15:59:53 -- ==== Program started ====
2020-03-29 16:00:01 -- ==== Program closed ====
2020-03-29 16:02:49 -- ==== Program started ====
2020-03-29 16:02:50 -- ==== Program closed ====
2020-03-29 16:03:11 -- ==== Program started ====
2020-03-29 16:03:16 -- ==== Program closed ====
2020-03-29 16:06:12 -- ==== Program started ====
2020-03-29 16:06:13 -- ==== Program closed ====
2020-03-29 16:19:16 -- ==== Program started ====
2020-03-29 16:19:17 -- ==== Program closed ====
2020-03-29 16:21:01 -- ==== Program started ====
2020-03-29 16:21:03 -- ==== Program closed ====
2020-03-29 16:21:33 -- ==== Program started ====
2020-03-29 16:22:12 -- ==== Program closed ====
2020-03-29 16:23:04 -- ==== Program started ====
2020-03-29 16:23:39 -- ==== Program closed ====
2020-03-29 16:37:46 -- ==== Program started ====
2020-03-29 16:37:47 -- ==== Program closed ====
